app/build/intermediates/manifest_merge_blame_file/debug/manifest-merger-blame-debug-report.txt
1<?xml version="1.0" encoding="utf-8"?>
2<manifest xmlns:android="http://schemas.android.com/apk/res/android"
3    package="com.example.drawerlayout"
4    android:versionCode="1"
5    android:versionName="1.0" >
6
7    <uses-sdk
8        android:minSdkVersion="19"
8-->src\main\AndroidManifest.xml
9        android:targetSdkVersion="29" />
9-->src\main\AndroidManifest.xml
10
11    <uses-permission android:name="android.permission.VIBRATE" />
11-->src\main\AndroidManifest.xml:5:5-66
11-->src\main\AndroidManifest.xml:5:22-63
12    <uses-permission android:name="android.permission.INTERNET" />
12-->src\main\AndroidManifest.xml:6:5-67
12-->src\main\AndroidManifest.xml:6:22-64
13    <uses-permission android:name="android.permission.ACCESS_NETWORK_STATE" />
13-->src\main\AndroidManifest.xml:7:5-79
13-->src\main\AndroidManifest.xml:7:22-76
14    <uses-permission android:name="android.permission.WAKE_LOCK" />
14-->[com.google.firebase:firebase-measurement-connector-impl:17.0.2] AndroidManifest.xml:24:5-68
14-->[com.google.firebase:firebase-measurement-connector-impl:17.0.2] AndroidManifest.xml:24:22-65
15    <uses-permission android:name="com.google.android.finsky.permission.BIND_GET_INSTALL_REFERRER_SERVICE" /> <!-- Required by older versions of Google Play services to create IID tokens -->
15-->[com.google.firebase:firebase-analytics:16.0.4] AndroidManifest.xml:26:5-110
15-->[com.google.firebase:firebase-analytics:16.0.4] AndroidManifest.xml:26:22-107
16    <uses-permission android:name="com.google.android.c2dm.permission.RECEIVE" />
16-->[com.google.firebase:firebase-iid:17.0.4] AndroidManifest.xml:26:5-82
16-->[com.google.firebase:firebase-iid:17.0.4] AndroidManifest.xml:26:22-79
17
18    <application
18-->src\main\AndroidManifest.xml:9:5-25:19
19        android:name="com.example.drawerlayout.myApplication"
19-->src\main\AndroidManifest.xml:10:9-38
20        android:allowBackup="true"
20-->src\main\AndroidManifest.xml:11:9-35
21        android:appComponentFactory="androidx.core.app.CoreComponentFactory"
21-->[androidx.core:core:1.1.0] AndroidManifest.xml:24:18-86
22        android:debuggable="true"
23        android:icon="@drawable/bayi"
23-->src\main\AndroidManifest.xml:12:9-38
24        android:label="@string/app_name"
24-->src\main\AndroidManifest.xml:13:9-41
25        android:roundIcon="@drawable/bayi"
25-->src\main\AndroidManifest.xml:14:9-43
26        android:supportsRtl="true"
26-->src\main\AndroidManifest.xml:15:9-35
27        android:testOnly="true"
28        android:theme="@style/AppTheme" >
28-->src\main\AndroidManifest.xml:16:9-40
29        <activity
29-->src\main\AndroidManifest.xml:17:9-24:20
30            android:name="com.example.drawerlayout.MainActivity"
30-->src\main\AndroidManifest.xml:17:19-47
31            android:theme="@style/AppTheme.NoActionBar" >
31-->src\main\AndroidManifest.xml:18:13-56
32            <intent-filter>
32-->src\main\AndroidManifest.xml:19:13-23:29
33                <action android:name="android.intent.action.MAIN" />
33-->src\main\AndroidManifest.xml:20:17-69
33-->src\main\AndroidManifest.xml:20:25-66
34
35                <category android:name="android.intent.category.LAUNCHER" />
35-->src\main\AndroidManifest.xml:22:17-77
35-->src\main\AndroidManifest.xml:22:27-74
36            </intent-filter>
37        </activity>
38
39        <service
39-->[com.google.firebase:firebase-inappmessaging-display:17.0.4] AndroidManifest.xml:15:9-19:19
40            android:name="com.google.firebase.components.ComponentDiscoveryService"
40-->[com.google.firebase:firebase-inappmessaging-display:17.0.4] AndroidManifest.xml:15:18-89
41            android:exported="false" >
41-->[com.google.firebase:firebase-iid:17.0.4] AndroidManifest.xml:31:13-37
42            <meta-data
42-->[com.google.firebase:firebase-inappmessaging-display:17.0.4] AndroidManifest.xml:16:13-18:85
43                android:name="com.google.firebase.components:com.google.firebase.inappmessaging.display.FirebaseInAppMessagingDisplayRegistrar"
43-->[com.google.firebase:firebase-inappmessaging-display:17.0.4] AndroidManifest.xml:17:17-144
44                android:value="com.google.firebase.components.ComponentRegistrar" />
44-->[com.google.firebase:firebase-inappmessaging-display:17.0.4] AndroidManifest.xml:18:17-82
45            <meta-data
45-->[com.google.firebase:firebase-inappmessaging:17.0.4] AndroidManifest.xml:15:13-17:85
46                android:name="com.google.firebase.components:com.google.firebase.inappmessaging.FirebaseInAppMessagingRegistrar"
46-->[com.google.firebase:firebase-inappmessaging:17.0.4] AndroidManifest.xml:16:17-129
47                android:value="com.google.firebase.components.ComponentRegistrar" />
47-->[com.google.firebase:firebase-inappmessaging:17.0.4] AndroidManifest.xml:17:17-82
48            <meta-data
48-->[com.google.firebase:firebase-measurement-connector-impl:17.0.2] AndroidManifest.xml:28:13-30:85
49                android:name="com.google.firebase.components:com.google.firebase.analytics.connector.internal.AnalyticsConnectorRegistrar"
49-->[com.google.firebase:firebase-measurement-connector-impl:17.0.2] AndroidManifest.xml:29:17-139
50                android:value="com.google.firebase.components.ComponentRegistrar" />
50-->[com.google.firebase:firebase-measurement-connector-impl:17.0.2] AndroidManifest.xml:30:17-82
51            <meta-data
51-->[com.google.firebase:firebase-iid:17.0.4] AndroidManifest.xml:32:13-34:85
52                android:name="com.google.firebase.components:com.google.firebase.iid.Registrar"
52-->[com.google.firebase:firebase-iid:17.0.4] AndroidManifest.xml:33:17-96
53                android:value="com.google.firebase.components.ComponentRegistrar" />
53-->[com.google.firebase:firebase-iid:17.0.4] AndroidManifest.xml:34:17-82
54        </service>
55        <!--
56             FirebaseMessagingService performs security checks at runtime,
57             no need for explicit permissions despite exported="true"
58        -->
59        <service
59-->[com.google.firebase:firebase-messaging:17.3.4] AndroidManifest.xml:28:9-34:19
60            android:name="com.google.firebase.messaging.FirebaseMessagingService"
60-->[com.google.firebase:firebase-messaging:17.3.4] AndroidManifest.xml:29:13-82
61            android:exported="true" >
61-->[com.google.firebase:firebase-messaging:17.3.4] AndroidManifest.xml:30:13-36
62            <intent-filter android:priority="-500" >
62-->[com.google.firebase:firebase-messaging:17.3.4] AndroidManifest.xml:31:13-33:29
62-->[com.google.firebase:firebase-messaging:17.3.4] AndroidManifest.xml:31:28-51
63                <action android:name="com.google.firebase.MESSAGING_EVENT" />
63-->[com.google.firebase:firebase-messaging:17.3.4] AndroidManifest.xml:32:17-78
63-->[com.google.firebase:firebase-messaging:17.3.4] AndroidManifest.xml:32:25-75
64            </intent-filter>
65        </service>
66
67        <receiver
67-->[com.google.firebase:firebase-analytics:16.0.4] AndroidManifest.xml:29:9-33:20
68            android:name="com.google.android.gms.measurement.AppMeasurementReceiver"
68-->[com.google.firebase:firebase-analytics:16.0.4] AndroidManifest.xml:30:13-85
69            android:enabled="true"
69-->[com.google.firebase:firebase-analytics:16.0.4] AndroidManifest.xml:31:13-35
70            android:exported="false" >
70-->[com.google.firebase:firebase-analytics:16.0.4] AndroidManifest.xml:32:13-37
71        </receiver>
72        <receiver
72-->[com.google.firebase:firebase-analytics:16.0.4] AndroidManifest.xml:34:9-42:20
73            android:name="com.google.android.gms.measurement.AppMeasurementInstallReferrerReceiver"
73-->[com.google.firebase:firebase-analytics:16.0.4] AndroidManifest.xml:35:13-100
74            android:enabled="true"
74-->[com.google.firebase:firebase-analytics:16.0.4] AndroidManifest.xml:36:13-35
75            android:exported="true"
75-->[com.google.firebase:firebase-analytics:16.0.4] AndroidManifest.xml:37:13-36
76            android:permission="android.permission.INSTALL_PACKAGES" >
76-->[com.google.firebase:firebase-analytics:16.0.4] AndroidManifest.xml:38:13-69
77            <intent-filter>
77-->[com.google.firebase:firebase-analytics:16.0.4] AndroidManifest.xml:39:13-41:29
78                <action android:name="com.android.vending.INSTALL_REFERRER" />
78-->[com.google.firebase:firebase-analytics:16.0.4] AndroidManifest.xml:40:17-79
78-->[com.google.firebase:firebase-analytics:16.0.4] AndroidManifest.xml:40:25-76
79            </intent-filter>
80        </receiver>
81
82        <service
82-->[com.google.firebase:firebase-analytics:16.0.4] AndroidManifest.xml:44:9-47:40
83            android:name="com.google.android.gms.measurement.AppMeasurementService"
83-->[com.google.firebase:firebase-analytics:16.0.4] AndroidManifest.xml:45:13-84
84            android:enabled="true"
84-->[com.google.firebase:firebase-analytics:16.0.4] AndroidManifest.xml:46:13-35
85            android:exported="false" />
85-->[com.google.firebase:firebase-analytics:16.0.4] AndroidManifest.xml:47:13-37
86        <service
86-->[com.google.firebase:firebase-analytics:16.0.4] AndroidManifest.xml:48:9-52:72
87            android:name="com.google.android.gms.measurement.AppMeasurementJobService"
87-->[com.google.firebase:firebase-analytics:16.0.4] AndroidManifest.xml:49:13-87
88            android:enabled="true"
88-->[com.google.firebase:firebase-analytics:16.0.4] AndroidManifest.xml:50:13-35
89            android:exported="false"
89-->[com.google.firebase:firebase-analytics:16.0.4] AndroidManifest.xml:51:13-37
90            android:permission="android.permission.BIND_JOB_SERVICE" />
90-->[com.google.firebase:firebase-analytics:16.0.4] AndroidManifest.xml:52:13-69
91
92        <receiver
92-->[com.google.firebase:firebase-iid:17.0.4] AndroidManifest.xml:37:9-44:20
93            android:name="com.google.firebase.iid.FirebaseInstanceIdReceiver"
93-->[com.google.firebase:firebase-iid:17.0.4] AndroidManifest.xml:38:13-78
94            android:exported="true"
94-->[com.google.firebase:firebase-iid:17.0.4] AndroidManifest.xml:39:13-36
95            android:permission="com.google.android.c2dm.permission.SEND" >
95-->[com.google.firebase:firebase-iid:17.0.4] AndroidManifest.xml:40:13-73
96            <intent-filter>
96-->[com.google.firebase:firebase-iid:17.0.4] AndroidManifest.xml:41:13-43:29
97                <action android:name="com.google.android.c2dm.intent.RECEIVE" />
97-->[com.google.firebase:firebase-iid:17.0.4] AndroidManifest.xml:42:17-81
97-->[com.google.firebase:firebase-iid:17.0.4] AndroidManifest.xml:42:25-78
98            </intent-filter>
99        </receiver>
100        <!--
101             FirebaseInstanceIdService performs security checks at runtime,
102             no need for explicit permissions despite exported="true"
103        -->
104        <service
104-->[com.google.firebase:firebase-iid:17.0.4] AndroidManifest.xml:50:9-56:19
105            android:name="com.google.firebase.iid.FirebaseInstanceIdService"
105-->[com.google.firebase:firebase-iid:17.0.4] AndroidManifest.xml:51:13-77
106            android:exported="true" >
106-->[com.google.firebase:firebase-iid:17.0.4] AndroidManifest.xml:52:13-36
107            <intent-filter android:priority="-500" >
107-->[com.google.firebase:firebase-iid:17.0.4] AndroidManifest.xml:53:13-55:29
107-->[com.google.firebase:firebase-iid:17.0.4] AndroidManifest.xml:53:28-51
108                <action android:name="com.google.firebase.INSTANCE_ID_EVENT" />
108-->[com.google.firebase:firebase-iid:17.0.4] AndroidManifest.xml:54:17-80
108-->[com.google.firebase:firebase-iid:17.0.4] AndroidManifest.xml:54:25-77
109            </intent-filter>
110        </service>
111
112        <activity
112-->[com.google.android.gms:play-services-base:16.0.1] AndroidManifest.xml:23:9-26:75
113            android:name="com.google.android.gms.common.api.GoogleApiActivity"
113-->[com.google.android.gms:play-services-base:16.0.1] AndroidManifest.xml:24:13-79
114            android:exported="false"
114-->[com.google.android.gms:play-services-base:16.0.1] AndroidManifest.xml:25:13-37
115            android:theme="@android:style/Theme.Translucent.NoTitleBar" />
115-->[com.google.android.gms:play-services-base:16.0.1] AndroidManifest.xml:26:13-72
116
117        <provider
117-->[com.google.firebase:firebase-common:16.0.4] AndroidManifest.xml:10:9-14:39
118            android:name="com.google.firebase.provider.FirebaseInitProvider"
118-->[com.google.firebase:firebase-common:16.0.4] AndroidManifest.xml:11:13-77
119            android:authorities="com.example.drawerlayout.firebaseinitprovider"
119-->[com.google.firebase:firebase-common:16.0.4] AndroidManifest.xml:12:13-72
120            android:exported="false"
120-->[com.google.firebase:firebase-common:16.0.4] AndroidManifest.xml:13:13-37
121            android:initOrder="100" />
121-->[com.google.firebase:firebase-common:16.0.4] AndroidManifest.xml:14:13-36
122
123        <meta-data
123-->[com.google.android.gms:play-services-basement:16.0.1] AndroidManifest.xml:23:9-25:69
124            android:name="com.google.android.gms.version"
124-->[com.google.android.gms:play-services-basement:16.0.1] AndroidManifest.xml:24:13-58
125            android:value="@integer/google_play_services_version" />
125-->[com.google.android.gms:play-services-basement:16.0.1] AndroidManifest.xml:25:13-66
126    </application>
127
128</manifest>